c:\users\george\documents\lostarkrev\ephl\ephemeralpayload\x64\release\vc142.pdb
c:\users\george\documents\lostarkrev\ephl\ephemeralpayload\x64\release\utils.obj
c:\users\george\documents\lostarkrev\ephl\ephemeralpayload\x64\release\dllmain.obj
c:\users\george\documents\lostarkrev\ephl\ephemeralpayload\x64\release\external_dll.obj
c:\users\george\documents\lostarkrev\ephl\ephemeralpayload\x64\release\function_types.obj
c:\users\george\documents\lostarkrev\ephl\ephemeralpayload\x64\release\ephemeralpayload.pch
c:\users\george\documents\lostarkrev\ephl\ephemeralpayload\x64\release\pch.obj
c:\users\george\documents\lostarkrev\ephl\x64\release\ephemeralpayload.lib
c:\users\george\documents\lostarkrev\ephl\x64\release\ephemeralpayload.exp
c:\users\george\documents\lostarkrev\ephl\x64\release\ephemeralpayload.dll
c:\users\george\documents\lostarkrev\ephl\ephemeralpayload\x64\release\ephemeralpayload.ipdb
c:\users\george\documents\lostarkrev\ephl\ephemeralpayload\x64\release\ephemeralpayload.iobj
c:\users\george\documents\lostarkrev\ephl\x64\release\ephemeralpayload.pdb
c:\users\george\documents\lostarkrev\ephl\ephemeralpayload\x64\release\ephemeralpayload.tlog\cl.command.1.tlog
c:\users\george\documents\lostarkrev\ephl\ephemeralpayload\x64\release\ephemeralpayload.tlog\cl.read.1.tlog
c:\users\george\documents\lostarkrev\ephl\ephemeralpayload\x64\release\ephemeralpayload.tlog\cl.write.1.tlog
c:\users\george\documents\lostarkrev\ephl\ephemeralpayload\x64\release\ephemeralpayload.tlog\ephemeralpayload.write.1u.tlog
c:\users\george\documents\lostarkrev\ephl\ephemeralpayload\x64\release\ephemeralpayload.tlog\link.command.1.tlog
c:\users\george\documents\lostarkrev\ephl\ephemeralpayload\x64\release\ephemeralpayload.tlog\link.read.1.tlog
c:\users\george\documents\lostarkrev\ephl\ephemeralpayload\x64\release\ephemeralpayload.tlog\link.write.1.tlog
